2024-04-01 03:16:10,848 - INFO - Це повідомлення у рівні INFO  Ó ą ę ć
2024-04-01 03:16:10,848 - WARNING - Це повідомлення у рівні WARNING
2024-04-01 03:16:10,848 - ERROR - 112
2024-04-01 03:16:10,850 - INFO - Це повідомлення у рівні INFO  Ó ą ę ć
2024-04-01 03:16:10,850 - WARNING - Це повідомлення у рівні WARNING
2024-04-01 03:16:10,850 - ERROR - 113
2024-04-01 03:16:10,851 - INFO - Це повідомлення у рівні INFO  Ó ą ę ć
2024-04-01 03:16:10,851 - WARNING - Це повідомлення у рівні WARNING
2024-04-01 03:16:10,851 - ERROR - 114
2024-04-01 03:16:10,852 - INFO - Це повідомлення у рівні INFO  Ó ą ę ć
2024-04-01 03:16:10,852 - WARNING - Це повідомлення у рівні WARNING
2024-04-01 03:16:10,852 - ERROR - 115
2024-04-01 03:16:10,853 - INFO - Це повідомлення у рівні INFO  Ó ą ę ć
2024-04-01 03:16:10,853 - WARNING - Це повідомлення у рівні WARNING
2024-04-01 03:16:10,854 - ERROR - 116
2024-04-01 03:16:10,855 - INFO - Це повідомлення у рівні INFO  Ó ą ę ć
2024-04-01 03:16:10,855 - WARNING - Це повідомлення у рівні WARNING
2024-04-01 03:16:10,855 - ERROR - 117
2024-04-01 03:16:10,856 - INFO - Це повідомлення у рівні INFO  Ó ą ę ć
2024-04-01 03:16:10,856 - WARNING - Це повідомлення у рівні WARNING
2024-04-01 03:16:10,856 - ERROR - 118
2024-04-01 03:16:10,857 - INFO - Це повідомлення у рівні INFO  Ó ą ę ć
2024-04-01 03:16:10,857 - WARNING - Це повідомлення у рівні WARNING
2024-04-01 03:16:10,857 - ERROR - 119
2024-04-01 03:16:10,858 - INFO - Це повідомлення у рівні INFO  Ó ą ę ć
2024-04-01 03:16:10,858 - WARNING - Це повідомлення у рівні WARNING
2024-04-01 03:16:10,858 - ERROR - 120
2024-04-01 03:16:10,859 - INFO - Це повідомлення у рівні INFO  Ó ą ę ć
2024-04-01 03:16:10,859 - WARNING - Це повідомлення у рівні WARNING
2024-04-01 03:16:10,860 - ERROR - 121
2024-04-01 03:16:10,861 - INFO - Це повідомлення у рівні INFO  Ó ą ę ć
2024-04-01 03:16:10,861 - WARNING - Це повідомлення у рівні WARNING
2024-04-01 03:16:10,861 - ERROR - 122
2024-04-01 03:16:10,862 - INFO - Це повідомлення у рівні INFO  Ó ą ę ć
2024-04-01 03:16:10,862 - WARNING - Це повідомлення у рівні WARNING
2024-04-01 03:16:10,862 - ERROR - 123
2024-04-01 03:16:10,863 - INFO - Це повідомлення у рівні INFO  Ó ą ę ć
2024-04-01 03:16:10,863 - WARNING - Це повідомлення у рівні WARNING
2024-04-01 03:16:10,863 - ERROR - 124
2024-04-01 03:16:10,864 - INFO - Це повідомлення у рівні INFO  Ó ą ę ć
2024-04-01 03:16:10,864 - WARNING - Це повідомлення у рівні WARNING
2024-04-01 03:16:10,864 - ERROR - 125
2024-04-01 03:16:10,865 - INFO - Це повідомлення у рівні INFO  Ó ą ę ć
2024-04-01 03:16:10,866 - WARNING - Це повідомлення у рівні WARNING
2024-04-01 03:16:10,866 - ERROR - 126
2024-04-01 03:16:10,867 - INFO - Це повідомлення у рівні INFO  Ó ą ę ć
2024-04-01 03:16:10,867 - WARNING - Це повідомлення у рівні WARNING
2024-04-01 03:16:10,867 - ERROR - 127
2024-04-01 03:16:10,868 - INFO - Це повідомлення у рівні INFO  Ó ą ę ć
2024-04-01 03:16:10,868 - WARNING - Це повідомлення у рівні WARNING
2024-04-01 03:16:10,868 - ERROR - 128
2024-04-01 03:16:10,869 - INFO - Це повідомлення у рівні INFO  Ó ą ę ć
2024-04-01 03:16:10,869 - WARNING - Це повідомлення у рівні WARNING
2024-04-01 03:16:10,869 - ERROR - 129
2024-04-01 03:16:10,870 - INFO - Це повідомлення у рівні INFO  Ó ą ę ć
2024-04-01 03:16:10,870 - WARNING - Це повідомлення у рівні WARNING
2024-04-01 03:16:10,870 - ERROR - 130
2024-04-01 03:16:10,871 - INFO - Це повідомлення у рівні INFO  Ó ą ę ć
2024-04-01 03:16:10,872 - WARNING - Це повідомлення у рівні WARNING
2024-04-01 03:16:10,872 - ERROR - 131
2024-04-01 03:16:10,873 - INFO - Це повідомлення у рівні INFO  Ó ą ę ć
2024-04-01 03:16:10,873 - WARNING - Це повідомлення у рівні WARNING
2024-04-01 03:16:10,873 - ERROR - 132
2024-04-01 03:16:10,874 - INFO - Це повідомлення у рівні INFO  Ó ą ę ć
2024-04-01 03:16:10,874 - WARNING - Це повідомлення у рівні WARNING
2024-04-01 03:16:10,874 - ERROR - 133
2024-04-01 03:16:10,875 - INFO - Це повідомлення у рівні INFO  Ó ą ę ć
2024-04-01 03:16:10,875 - WARNING - Це повідомлення у рівні WARNING
2024-04-01 03:16:10,875 - ERROR - 134
2024-04-01 03:16:10,876 - INFO - Це повідомлення у рівні INFO  Ó ą ę ć
2024-04-01 03:16:10,876 - WARNING - Це повідомлення у рівні WARNING
2024-04-01 03:16:10,876 - ERROR - 135
2024-04-01 03:16:10,877 - INFO - Це повідомлення у рівні INFO  Ó ą ę ć
2024-04-01 03:16:10,877 - WARNING - Це повідомлення у рівні WARNING
2024-04-01 03:16:10,877 - ERROR - 136
2024-04-01 03:16:10,879 - INFO - Це повідомлення у рівні INFO  Ó ą ę ć
2024-04-01 03:16:10,879 - WARNING - Це повідомлення у рівні WARNING
2024-04-01 03:16:10,879 - ERROR - 137
2024-04-01 03:16:10,880 - INFO - Це повідомлення у рівні INFO  Ó ą ę ć
2024-04-01 03:16:10,880 - WARNING - Це повідомлення у рівні WARNING
2024-04-01 03:16:10,880 - ERROR - 138
2024-04-01 03:16:10,881 - INFO - Це повідомлення у рівні INFO  Ó ą ę ć
2024-04-01 03:16:10,881 - WARNING - Це повідомлення у рівні WARNING
2024-04-01 03:16:10,881 - ERROR - 139
2024-04-01 03:16:10,882 - INFO - Це повідомлення у рівні INFO  Ó ą ę ć
2024-04-01 03:16:10,882 - WARNING - Це повідомлення у рівні WARNING
2024-04-01 03:16:10,882 - ERROR - 140
2024-04-01 03:16:10,884 - INFO - Це повідомлення у рівні INFO  Ó ą ę ć
2024-04-01 03:16:10,884 - WARNING - Це повідомлення у рівні WARNING
2024-04-01 03:16:10,884 - ERROR - 141
2024-04-01 03:16:10,885 - INFO - Це повідомлення у рівні INFO  Ó ą ę ć
2024-04-01 03:16:10,885 - WARNING - Це повідомлення у рівні WARNING
2024-04-01 03:16:10,885 - ERROR - 142
2024-04-01 03:16:10,886 - INFO - Це повідомлення у рівні INFO  Ó ą ę ć
2024-04-01 03:16:10,886 - WARNING - Це повідомлення у рівні WARNING
2024-04-01 03:16:10,886 - ERROR - 143
2024-04-01 03:16:10,887 - INFO - Це повідомлення у рівні INFO  Ó ą ę ć
2024-04-01 03:16:10,887 - WARNING - Це повідомлення у рівні WARNING
2024-04-01 03:16:10,887 - ERROR - 144
2024-04-01 03:16:10,888 - INFO - Це повідомлення у рівні INFO  Ó ą ę ć
2024-04-01 03:16:10,888 - WARNING - Це повідомлення у рівні WARNING
2024-04-01 03:16:10,889 - ERROR - 145
2024-04-01 03:16:10,890 - INFO - Це повідомлення у рівні INFO  Ó ą ę ć
2024-04-01 03:16:10,890 - WARNING - Це повідомлення у рівні WARNING
2024-04-01 03:16:10,890 - ERROR - 146
2024-04-01 03:16:10,891 - INFO - Це повідомлення у рівні INFO  Ó ą ę ć
2024-04-01 03:16:10,891 - WARNING - Це повідомлення у рівні WARNING
2024-04-01 03:16:10,891 - ERROR - 147
2024-04-01 03:16:10,892 - INFO - Це повідомлення у рівні INFO  Ó ą ę ć
2024-04-01 03:16:10,892 - WARNING - Це повідомлення у рівні WARNING
2024-04-01 03:16:10,892 - ERROR - 148
2024-04-01 03:16:10,893 - INFO - Це повідомлення у рівні INFO  Ó ą ę ć
2024-04-01 03:16:10,893 - WARNING - Це повідомлення у рівні WARNING
2024-04-01 03:16:10,893 - ERROR - 149
2024-04-01 03:16:10,894 - INFO - Це повідомлення у рівні INFO  Ó ą ę ć
2024-04-01 03:16:10,894 - WARNING - Це повідомлення у рівні WARNING
2024-04-01 03:16:10,894 - ERROR - 150
2024-04-01 03:16:10,896 - INFO - Це повідомлення у рівні INFO  Ó ą ę ć
2024-04-01 03:16:10,896 - WARNING - Це повідомлення у рівні WARNING
2024-04-01 03:16:10,896 - ERROR - 151
2024-04-01 03:16:10,897 - INFO - Це повідомлення у рівні INFO  Ó ą ę ć
2024-04-01 03:16:10,897 - WARNING - Це повідомлення у рівні WARNING
2024-04-01 03:16:10,897 - ERROR - 152
2024-04-01 03:16:10,898 - INFO - Це повідомлення у рівні INFO  Ó ą ę ć
2024-04-01 03:16:10,898 - WARNING - Це повідомлення у рівні WARNING
2024-04-01 03:16:10,898 - ERROR - 153
2024-04-01 03:16:10,899 - INFO - Це повідомлення у рівні INFO  Ó ą ę ć
2024-04-01 03:16:10,899 - WARNING - Це повідомлення у рівні WARNING
2024-04-01 03:16:10,899 - ERROR - 154
2024-04-01 03:16:10,900 - INFO - Це повідомлення у рівні INFO  Ó ą ę ć
2024-04-01 03:16:10,900 - WARNING - Це повідомлення у рівні WARNING
2024-04-01 03:16:10,900 - ERROR - 155
2024-04-01 03:16:10,902 - INFO - Це повідомлення у рівні INFO  Ó ą ę ć
2024-04-01 03:16:10,902 - WARNING - Це повідомлення у рівні WARNING
2024-04-01 03:16:10,902 - ERROR - 156
2024-04-01 03:16:10,903 - INFO - Це повідомлення у рівні INFO  Ó ą ę ć
2024-04-01 03:16:10,903 - WARNING - Це повідомлення у рівні WARNING
2024-04-01 03:16:10,903 - ERROR - 157
2024-04-01 03:16:10,904 - INFO - Це повідомлення у рівні INFO  Ó ą ę ć
2024-04-01 03:16:10,904 - WARNING - Це повідомлення у рівні WARNING
2024-04-01 03:16:10,904 - ERROR - 158
2024-04-01 03:16:10,905 - INFO - Це повідомлення у рівні INFO  Ó ą ę ć
2024-04-01 03:16:10,905 - WARNING - Це повідомлення у рівні WARNING
2024-04-01 03:16:10,905 - ERROR - 159
2024-04-01 03:16:10,906 - INFO - Це повідомлення у рівні INFO  Ó ą ę ć
2024-04-01 03:16:10,906 - WARNING - Це повідомлення у рівні WARNING
2024-04-01 03:16:10,906 - ERROR - 160
2024-04-01 03:16:10,908 - INFO - Це повідомлення у рівні INFO  Ó ą ę ć
2024-04-01 03:16:10,908 - WARNING - Це повідомлення у рівні WARNING
2024-04-01 03:16:10,908 - ERROR - 161
2024-04-01 03:16:10,909 - INFO - Це повідомлення у рівні INFO  Ó ą ę ć
2024-04-01 03:16:10,909 - WARNING - Це повідомлення у рівні WARNING
2024-04-01 03:16:10,909 - ERROR - 162
2024-04-01 03:16:10,910 - INFO - Це повідомлення у рівні INFO  Ó ą ę ć
2024-04-01 03:16:10,910 - WARNING - Це повідомлення у рівні WARNING
2024-04-01 03:16:10,910 - ERROR - 163
2024-04-01 03:16:10,911 - INFO - Це повідомлення у рівні INFO  Ó ą ę ć
2024-04-01 03:16:10,911 - WARNING - Це повідомлення у рівні WARNING
2024-04-01 03:16:10,911 - ERROR - 164
2024-04-01 03:16:10,912 - INFO - Це повідомлення у рівні INFO  Ó ą ę ć
2024-04-01 03:16:10,913 - WARNING - Це повідомлення у рівні WARNING
2024-04-01 03:16:10,913 - ERROR - 165
2024-04-01 03:16:10,914 - INFO - Це повідомлення у рівні INFO  Ó ą ę ć
2024-04-01 03:16:10,914 - WARNING - Це повідомлення у рівні WARNING
2024-04-01 03:16:10,914 - ERROR - 166
2024-04-01 03:16:10,915 - INFO - Це повідомлення у рівні INFO  Ó ą ę ć
2024-04-01 03:16:10,915 - WARNING - Це повідомлення у рівні WARNING
2024-04-01 03:16:10,915 - ERROR - 167
2024-04-01 03:16:10,916 - INFO - Це повідомлення у рівні INFO  Ó ą ę ć
2024-04-01 03:16:10,916 - WARNING - Це повідомлення у рівні WARNING
2024-04-01 03:16:10,916 - ERROR - 168
2024-04-01 03:16:10,917 - INFO - Це повідомлення у рівні INFO  Ó ą ę ć
2024-04-01 03:16:10,917 - WARNING - Це повідомлення у рівні WARNING
2024-04-01 03:16:10,917 - ERROR - 169
2024-04-01 03:16:10,918 - INFO - Це повідомлення у рівні INFO  Ó ą ę ć
2024-04-01 03:16:10,918 - WARNING - Це повідомлення у рівні WARNING
2024-04-01 03:16:10,918 - ERROR - 170
2024-04-01 03:16:10,919 - INFO - Це повідомлення у рівні INFO  Ó ą ę ć
2024-04-01 03:16:10,919 - WARNING - Це повідомлення у рівні WARNING
2024-04-01 03:16:10,919 - ERROR - 171
2024-04-01 03:16:10,921 - INFO - Це повідомлення у рівні INFO  Ó ą ę ć
2024-04-01 03:16:10,921 - WARNING - Це повідомлення у рівні WARNING
2024-04-01 03:16:10,921 - ERROR - 172
2024-04-01 03:16:10,922 - INFO - Це повідомлення у рівні INFO  Ó ą ę ć
2024-04-01 03:16:10,922 - WARNING - Це повідомлення у рівні WARNING
2024-04-01 03:16:10,922 - ERROR - 173
2024-04-01 03:16:10,923 - INFO - Це повідомлення у рівні INFO  Ó ą ę ć
2024-04-01 03:16:10,923 - WARNING - Це повідомлення у рівні WARNING
2024-04-01 03:16:10,923 - ERROR - 174
2024-04-01 03:16:10,924 - INFO - Це повідомлення у рівні INFO  Ó ą ę ć
2024-04-01 03:16:10,924 - WARNING - Це повідомлення у рівні WARNING
2024-04-01 03:16:10,924 - ERROR - 175
2024-04-01 03:16:10,926 - INFO - Це повідомлення у рівні INFO  Ó ą ę ć
2024-04-01 03:16:10,926 - WARNING - Це повідомлення у рівні WARNING
2024-04-01 03:16:10,926 - ERROR - 176
2024-04-01 03:16:10,927 - INFO - Це повідомлення у рівні INFO  Ó ą ę ć
2024-04-01 03:16:10,927 - WARNING - Це повідомлення у рівні WARNING
2024-04-01 03:16:10,927 - ERROR - 177
2024-04-01 03:16:10,928 - INFO - Це повідомлення у рівні INFO  Ó ą ę ć
2024-04-01 03:16:10,928 - WARNING - Це повідомлення у рівні WARNING
2024-04-01 03:16:10,928 - ERROR - 178
2024-04-01 03:16:10,929 - INFO - Це повідомлення у рівні INFO  Ó ą ę ć
2024-04-01 03:16:10,929 - WARNING - Це повідомлення у рівні WARNING
2024-04-01 03:16:10,930 - ERROR - 179
2024-04-01 03:16:10,931 - INFO - Це повідомлення у рівні INFO  Ó ą ę ć
2024-04-01 03:16:10,931 - WARNING - Це повідомлення у рівні WARNING
2024-04-01 03:16:10,931 - ERROR - 180
2024-04-01 03:16:10,932 - INFO - Це повідомлення у рівні INFO  Ó ą ę ć
2024-04-01 03:16:10,932 - WARNING - Це повідомлення у рівні WARNING
2024-04-01 03:16:10,932 - ERROR - 181
2024-04-01 03:16:10,933 - INFO - Це повідомлення у рівні INFO  Ó ą ę ć
2024-04-01 03:16:10,933 - WARNING - Це повідомлення у рівні WARNING
2024-04-01 03:16:10,933 - ERROR - 182
2024-04-01 03:16:10,934 - INFO - Це повідомлення у рівні INFO  Ó ą ę ć
2024-04-01 03:16:10,934 - WARNING - Це повідомлення у рівні WARNING
2024-04-01 03:16:10,934 - ERROR - 183
2024-04-01 03:16:10,935 - INFO - Це повідомлення у рівні INFO  Ó ą ę ć
2024-04-01 03:16:10,936 - WARNING - Це повідомлення у рівні WARNING
2024-04-01 03:16:10,936 - ERROR - 184
2024-04-01 03:16:10,936 - INFO - Це повідомлення у рівні INFO  Ó ą ę ć
2024-04-01 03:16:10,936 - WARNING - Це повідомлення у рівні WARNING
2024-04-01 03:16:10,936 - ERROR - 185
2024-04-01 03:16:10,937 - INFO - Це повідомлення у рівні INFO  Ó ą ę ć
2024-04-01 03:16:10,937 - WARNING - Це повідомлення у рівні WARNING
2024-04-01 03:16:10,937 - ERROR - 186
2024-04-01 03:16:10,938 - INFO - Це повідомлення у рівні INFO  Ó ą ę ć
2024-04-01 03:16:10,938 - WARNING - Це повідомлення у рівні WARNING
2024-04-01 03:16:10,938 - ERROR - 187
2024-04-01 03:16:10,939 - INFO - Це повідомлення у рівні INFO  Ó ą ę ć
2024-04-01 03:16:10,939 - WARNING - Це повідомлення у рівні WARNING
2024-04-01 03:16:10,940 - ERROR - 188
2024-04-01 03:16:10,941 - INFO - Це повідомлення у рівні INFO  Ó ą ę ć
2024-04-01 03:16:10,941 - WARNING - Це повідомлення у рівні WARNING
2024-04-01 03:16:10,941 - ERROR - 189
2024-04-01 03:16:10,942 - INFO - Це повідомлення у рівні INFO  Ó ą ę ć
2024-04-01 03:16:10,942 - WARNING - Це повідомлення у рівні WARNING
2024-04-01 03:16:10,942 - ERROR - 190
2024-04-01 03:16:10,943 - INFO - Це повідомлення у рівні INFO  Ó ą ę ć
2024-04-01 03:16:10,943 - WARNING - Це повідомлення у рівні WARNING
2024-04-01 03:16:10,943 - ERROR - 191
2024-04-01 03:16:10,944 - INFO - Це повідомлення у рівні INFO  Ó ą ę ć
2024-04-01 03:16:10,944 - WARNING - Це повідомлення у рівні WARNING
2024-04-01 03:16:10,944 - ERROR - 192
2024-04-01 03:16:10,946 - INFO - Це повідомлення у рівні INFO  Ó ą ę ć
2024-04-01 03:16:10,946 - WARNING - Це повідомлення у рівні WARNING
2024-04-01 03:16:10,946 - ERROR - 193
2024-04-01 03:16:10,947 - INFO - Це повідомлення у рівні INFO  Ó ą ę ć
2024-04-01 03:16:10,947 - WARNING - Це повідомлення у рівні WARNING
2024-04-01 03:16:10,947 - ERROR - 194
2024-04-01 03:16:10,948 - INFO - Це повідомлення у рівні INFO  Ó ą ę ć
2024-04-01 03:16:10,948 - WARNING - Це повідомлення у рівні WARNING
2024-04-01 03:16:10,948 - ERROR - 195
2024-04-01 03:16:10,949 - INFO - Це повідомлення у рівні INFO  Ó ą ę ć
2024-04-01 03:16:10,949 - WARNING - Це повідомлення у рівні WARNING
2024-04-01 03:16:10,949 - ERROR - 196
2024-04-01 03:16:10,951 - INFO - Це повідомлення у рівні INFO  Ó ą ę ć
2024-04-01 03:16:10,951 - WARNING - Це повідомлення у рівні WARNING
2024-04-01 03:16:10,951 - ERROR - 197
2024-04-01 03:16:10,952 - INFO - Це повідомлення у рівні INFO  Ó ą ę ć
2024-04-01 03:16:10,952 - WARNING - Це повідомлення у рівні WARNING
2024-04-01 03:16:10,952 - ERROR - 198
2024-04-01 03:16:10,953 - INFO - Це повідомлення у рівні INFO  Ó ą ę ć
2024-04-01 03:16:10,953 - WARNING - Це повідомлення у рівні WARNING
2024-04-01 03:16:10,953 - ERROR - 199
2024-04-01 03:16:10,954 - INFO - Це повідомлення у рівні INFO  Ó ą ę ć
2024-04-01 03:16:10,954 - WARNING - Це повідомлення у рівні WARNING
2024-04-01 03:16:10,954 - ERROR - 200
2024-04-01 03:16:10,955 - INFO - Це повідомлення у рівні INFO  Ó ą ę ć
2024-04-01 03:16:10,955 - WARNING - Це повідомлення у рівні WARNING
2024-04-01 03:16:10,955 - ERROR - 201
2024-04-01 03:16:10,957 - INFO - Це повідомлення у рівні INFO  Ó ą ę ć
2024-04-01 03:16:10,957 - WARNING - Це повідомлення у рівні WARNING
2024-04-01 03:16:10,957 - ERROR - 202
2024-04-01 03:16:10,958 - INFO - Це повідомлення у рівні INFO  Ó ą ę ć
2024-04-01 03:16:10,958 - WARNING - Це повідомлення у рівні WARNING
2024-04-01 03:16:10,958 - ERROR - 203
2024-04-01 03:16:10,959 - INFO - Це повідомлення у рівні INFO  Ó ą ę ć
2024-04-01 03:16:10,959 - WARNING - Це повідомлення у рівні WARNING
2024-04-01 03:16:10,959 - ERROR - 204
2024-04-01 03:16:10,960 - INFO - Це повідомлення у рівні INFO  Ó ą ę ć
2024-04-01 03:16:10,960 - WARNING - Це повідомлення у рівні WARNING
2024-04-01 03:16:10,960 - ERROR - 205
2024-04-01 03:16:10,961 - INFO - Це повідомлення у рівні INFO  Ó ą ę ć
2024-04-01 03:16:10,961 - WARNING - Це повідомлення у рівні WARNING
2024-04-01 03:16:10,961 - ERROR - 206
2024-04-01 03:16:10,963 - INFO - Це повідомлення у рівні INFO  Ó ą ę ć
2024-04-01 03:16:10,963 - WARNING - Це повідомлення у рівні WARNING
2024-04-01 03:16:10,963 - ERROR - 207
2024-04-01 03:16:10,964 - INFO - Це повідомлення у рівні INFO  Ó ą ę ć
2024-04-01 03:16:10,964 - WARNING - Це повідомлення у рівні WARNING
2024-04-01 03:16:10,964 - ERROR - 208
2024-04-01 03:16:10,965 - INFO - Це повідомлення у рівні INFO  Ó ą ę ć
2024-04-01 03:16:10,965 - WARNING - Це повідомлення у рівні WARNING
2024-04-01 03:16:10,965 - ERROR - 209
2024-04-01 03:16:10,967 - INFO - Це повідомлення у рівні INFO  Ó ą ę ć
2024-04-01 03:16:10,967 - WARNING - Це повідомлення у рівні WARNING
2024-04-01 03:16:10,967 - ERROR - 210
2024-04-01 03:16:10,968 - INFO - Це повідомлення у рівні INFO  Ó ą ę ć
2024-04-01 03:16:10,968 - WARNING - Це повідомлення у рівні WARNING
2024-04-01 03:16:10,968 - ERROR - 211
2024-04-01 03:16:10,969 - INFO - Це повідомлення у рівні INFO  Ó ą ę ć
2024-04-01 03:16:10,969 - WARNING - Це повідомлення у рівні WARNING
2024-04-01 03:16:10,969 - ERROR - 212
2024-04-01 03:16:10,970 - INFO - Це повідомлення у рівні INFO  Ó ą ę ć
2024-04-01 03:16:10,970 - WARNING - Це повідомлення у рівні WARNING
2024-04-01 03:16:10,970 - ERROR - 213
2024-04-01 03:16:10,971 - INFO - Це повідомлення у рівні INFO  Ó ą ę ć
2024-04-01 03:16:10,972 - WARNING - Це повідомлення у рівні WARNING
2024-04-01 03:16:10,972 - ERROR - 214
2024-04-01 03:16:10,973 - INFO - Це повідомлення у рівні INFO  Ó ą ę ć
2024-04-01 03:16:10,973 - WARNING - Це повідомлення у рівні WARNING
2024-04-01 03:16:10,973 - ERROR - 215
2024-04-01 03:16:10,974 - INFO - Це повідомлення у рівні INFO  Ó ą ę ć
2024-04-01 03:16:10,974 - WARNING - Це повідомлення у рівні WARNING
2024-04-01 03:16:10,974 - ERROR - 216
2024-04-01 03:16:10,975 - INFO - Це повідомлення у рівні INFO  Ó ą ę ć
2024-04-01 03:16:10,975 - WARNING - Це повідомлення у рівні WARNING
2024-04-01 03:16:10,975 - ERROR - 217
2024-04-01 03:16:10,976 - INFO - Це повідомлення у рівні INFO  Ó ą ę ć
2024-04-01 03:16:10,976 - WARNING - Це повідомлення у рівні WARNING
2024-04-01 03:16:10,976 - ERROR - 218
2024-04-01 03:16:10,977 - INFO - Це повідомлення у рівні INFO  Ó ą ę ć
2024-04-01 03:16:10,977 - WARNING - Це повідомлення у рівні WARNING
2024-04-01 03:16:10,977 - ERROR - 219
2024-04-01 03:16:10,979 - INFO - Це повідомлення у рівні INFO  Ó ą ę ć
2024-04-01 03:16:10,979 - WARNING - Це повідомлення у рівні WARNING
2024-04-01 03:16:10,979 - ERROR - 220
2024-04-01 03:16:10,980 - INFO - Це повідомлення у рівні INFO  Ó ą ę ć
2024-04-01 03:16:10,980 - WARNING - Це повідомлення у рівні WARNING
2024-04-01 03:16:10,980 - ERROR - 221
2024-04-01 03:16:10,981 - INFO - Це повідомлення у рівні INFO  Ó ą ę ć
2024-04-01 03:16:10,981 - WARNING - Це повідомлення у рівні WARNING
2024-04-01 03:16:10,981 - ERROR - 222
2024-04-01 03:16:10,982 - INFO - Це повідомлення у рівні INFO  Ó ą ę ć
2024-04-01 03:16:10,982 - WARNING - Це повідомлення у рівні WARNING
2024-04-01 03:16:10,982 - ERROR - 223
2024-04-01 03:16:10,983 - INFO - Це повідомлення у рівні INFO  Ó ą ę ć
2024-04-01 03:16:10,983 - WARNING - Це повідомлення у рівні WARNING
2024-04-01 03:16:10,983 - ERROR - 224
2024-04-01 03:16:10,985 - INFO - Це повідомлення у рівні INFO  Ó ą ę ć
2024-04-01 03:16:10,985 - WARNING - Це повідомлення у рівні WARNING
2024-04-01 03:16:10,985 - ERROR - 225
2024-04-01 03:16:10,986 - INFO - Це повідомлення у рівні INFO  Ó ą ę ć
2024-04-01 03:16:10,986 - WARNING - Це повідомлення у рівні WARNING
2024-04-01 03:16:10,986 - ERROR - 226
2024-04-01 03:16:10,987 - INFO - Це повідомлення у рівні INFO  Ó ą ę ć
2024-04-01 03:16:10,987 - WARNING - Це повідомлення у рівні WARNING
2024-04-01 03:16:10,987 - ERROR - 227
2024-04-01 03:16:10,988 - INFO - Це повідомлення у рівні INFO  Ó ą ę ć
2024-04-01 03:16:10,988 - WARNING - Це повідомлення у рівні WARNING
2024-04-01 03:16:10,988 - ERROR - 228
2024-04-01 03:16:10,989 - INFO - Це повідомлення у рівні INFO  Ó ą ę ć
2024-04-01 03:16:10,989 - WARNING - Це повідомлення у рівні WARNING
2024-04-01 03:16:10,989 - ERROR - 229
2024-04-01 03:16:10,990 - INFO - Це повідомлення у рівні INFO  Ó ą ę ć
2024-04-01 03:16:10,991 - WARNING - Це повідомлення у рівні WARNING
2024-04-01 03:16:10,991 - ERROR - 230
2024-04-01 03:16:10,992 - INFO - Це повідомлення у рівні INFO  Ó ą ę ć
2024-04-01 03:16:10,992 - WARNING - Це повідомлення у рівні WARNING
2024-04-01 03:16:10,992 - ERROR - 231
2024-04-01 03:16:10,993 - INFO - Це повідомлення у рівні INFO  Ó ą ę ć
2024-04-01 03:16:10,993 - WARNING - Це повідомлення у рівні WARNING
2024-04-01 03:16:10,993 - ERROR - 232
2024-04-01 03:16:10,994 - INFO - Це повідомлення у рівні INFO  Ó ą ę ć
2024-04-01 03:16:10,994 - WARNING - Це повідомлення у рівні WARNING
2024-04-01 03:16:10,994 - ERROR - 233
2024-04-01 03:16:10,996 - INFO - Це повідомлення у рівні INFO  Ó ą ę ć
2024-04-01 03:16:10,996 - WARNING - Це повідомлення у рівні WARNING
2024-04-01 03:16:10,996 - ERROR - 234
2024-04-01 03:16:10,997 - INFO - Це повідомлення у рівні INFO  Ó ą ę ć
2024-04-01 03:16:10,997 - WARNING - Це повідомлення у рівні WARNING
2024-04-01 03:16:10,997 - ERROR - 235
2024-04-01 03:16:10,998 - INFO - Це повідомлення у рівні INFO  Ó ą ę ć
2024-04-01 03:16:10,998 - WARNING - Це повідомлення у рівні WARNING
2024-04-01 03:16:10,998 - ERROR - 236
2024-04-01 03:16:10,999 - INFO - Це повідомлення у рівні INFO  Ó ą ę ć
2024-04-01 03:16:10,999 - WARNING - Це повідомлення у рівні WARNING
2024-04-01 03:16:10,999 - ERROR - 237
2024-04-01 03:16:11,000 - INFO - Це повідомлення у рівні INFO  Ó ą ę ć
2024-04-01 03:16:11,000 - WARNING - Це повідомлення у рівні WARNING
2024-04-01 03:16:11,000 - ERROR - 238
2024-04-01 03:16:11,001 - INFO - Це повідомлення у рівні INFO  Ó ą ę ć
2024-04-01 03:16:11,002 - WARNING - Це повідомлення у рівні WARNING
2024-04-01 03:16:11,002 - ERROR - 239
2024-04-01 03:16:11,003 - INFO - Це повідомлення у рівні INFO  Ó ą ę ć
2024-04-01 03:16:11,003 - WARNING - Це повідомлення у рівні WARNING
2024-04-01 03:16:11,003 - ERROR - 240
2024-04-01 03:16:11,004 - INFO - Це повідомлення у рівні INFO  Ó ą ę ć
2024-04-01 03:16:11,004 - WARNING - Це повідомлення у рівні WARNING
2024-04-01 03:16:11,004 - ERROR - 241
2024-04-01 03:16:11,005 - INFO - Це повідомлення у рівні INFO  Ó ą ę ć
2024-04-01 03:16:11,005 - WARNING - Це повідомлення у рівні WARNING
2024-04-01 03:16:11,005 - ERROR - 242
2024-04-01 03:16:11,006 - INFO - Це повідомлення у рівні INFO  Ó ą ę ć
2024-04-01 03:16:11,006 - WARNING - Це повідомлення у рівні WARNING
2024-04-01 03:16:11,006 - ERROR - 243
2024-04-01 03:16:11,008 - INFO - Це повідомлення у рівні INFO  Ó ą ę ć
2024-04-01 03:16:11,008 - WARNING - Це повідомлення у рівні WARNING
2024-04-01 03:16:11,008 - ERROR - 244
2024-04-01 03:16:11,009 - INFO - Це повідомлення у рівні INFO  Ó ą ę ć
2024-04-01 03:16:11,009 - WARNING - Це повідомлення у рівні WARNING
2024-04-01 03:16:11,009 - ERROR - 245
2024-04-01 03:16:11,010 - INFO - Це повідомлення у рівні INFO  Ó ą ę ć
2024-04-01 03:16:11,010 - WARNING - Це повідомлення у рівні WARNING
2024-04-01 03:16:11,010 - ERROR - 246
2024-04-01 03:16:11,011 - INFO - Це повідомлення у рівні INFO  Ó ą ę ć
2024-04-01 03:16:11,011 - WARNING - Це повідомлення у рівні WARNING
2024-04-01 03:16:11,012 - ERROR - 247
2024-04-01 03:16:11,013 - INFO - Це повідомлення у рівні INFO  Ó ą ę ć
2024-04-01 03:16:11,013 - WARNING - Це повідомлення у рівні WARNING
2024-04-01 03:16:11,013 - ERROR - 248
2024-04-01 03:16:11,014 - INFO - Це повідомлення у рівні INFO  Ó ą ę ć
2024-04-01 03:16:11,014 - WARNING - Це повідомлення у рівні WARNING
2024-04-01 03:16:11,014 - ERROR - 249
2024-04-01 03:16:57,386 - INFO - Це повідомлення у рівні INFO  Ó ą ę ć
2024-04-01 03:16:57,386 - WARNING - Це повідомлення у рівні WARNING
2024-04-01 03:16:57,386 - ERROR - i
2024-04-01 03:31:41,797 - INFO - Це повідомлення у рівні INFO  Ó ą ę ć
2024-04-01 03:31:41,798 - WARNING - Це повідомлення у рівні WARNING
2024-04-01 03:31:41,798 - ERROR - i
2024-04-01 03:31:46,731 - INFO - Danie z ID 5 zostało usunięte.
2024-04-01 03:58:06,527 - INFO - Це повідомлення у рівні INFO  Ó ą ę ć
2024-04-01 03:58:06,528 - WARNING - Це повідомлення у рівні WARNING
2024-04-01 03:58:06,528 - ERROR - i
2024-04-01 03:58:06,733 - INFO - Sukces. *Worker.getStates
2024-04-01 03:58:06,746 - INFO - Sukces. *Worker.getCases
2024-04-01 03:58:06,750 - INFO - Sukces. *Worker.getCases
2024-04-01 03:58:12,997 - INFO - Sukces. *Worker.__del__
2024-04-01 03:59:22,751 - INFO - Це повідомлення у рівні INFO  Ó ą ę ć
2024-04-01 03:59:22,751 - WARNING - Це повідомлення у рівні WARNING
2024-04-01 03:59:22,751 - ERROR - i
2024-04-01 03:59:22,842 - INFO - Sukces. *Worker.getStates
2024-04-01 03:59:22,847 - INFO - Sukces. *Worker.getCases
2024-04-01 03:59:22,850 - INFO - Sukces. *Worker.getCases
2024-04-01 03:59:24,417 - INFO - Sukces. *Worker.getCategories
2024-04-01 03:59:24,428 - INFO - Sukces. *Worker.getCategories
2024-04-01 03:59:24,432 - INFO - html generated and saved at DRUK.html. *create_pdf
2024-04-01 03:59:24,432 - INFO - html generated and saved at DRUK.html. *create_pdf
2024-04-01 03:59:31,862 - INFO - Sukces. *Worker.__del__
2024-04-01 03:59:31,915 - INFO - Sukces. *Worker.__del__
2024-04-01 04:00:34,503 - INFO - Це повідомлення у рівні INFO  Ó ą ę ć
2024-04-01 04:00:34,503 - WARNING - Це повідомлення у рівні WARNING
2024-04-01 04:00:34,503 - ERROR - i
2024-04-01 04:00:34,625 - INFO - Sukces. *Worker.getStates
2024-04-01 04:00:34,629 - INFO - Sukces. *Worker.getCases
2024-04-01 04:00:34,633 - INFO - Sukces. *Worker.getCases
2024-04-01 04:00:36,692 - INFO - Sukces. *Worker.getCategories
2024-04-01 04:00:36,696 - INFO - Sukces. *Worker.getCategories
2024-04-01 04:00:36,699 - INFO - html generated and saved at DRUK.html. *create_pdf
2024-04-01 04:00:36,699 - INFO - html generated and saved at DRUK.html. *create_pdf
2024-04-01 04:00:42,505 - INFO - Sukces. *Worker.__del__
2024-04-01 04:00:42,571 - INFO - Sukces. *Worker.__del__
2024-04-01 04:02:24,269 - INFO - Це повідомлення у рівні INFO  Ó ą ę ć
2024-04-01 04:02:24,269 - WARNING - Це повідомлення у рівні WARNING
2024-04-01 04:02:24,269 - ERROR - i
2024-04-01 04:02:24,484 - INFO - Sukces. *Worker.getStates
2024-04-01 04:02:24,496 - INFO - Sukces. *Worker.getCases
2024-04-01 04:02:24,501 - INFO - Sukces. *Worker.getCases
2024-04-01 04:02:26,113 - INFO - Sukces. *Worker.getCategories
2024-04-01 04:02:26,117 - INFO - Sukces. *Worker.getCategories
2024-04-01 04:02:26,119 - INFO - html generated and saved at DRUK.html. *create_pdf
2024-04-01 04:02:26,120 - INFO - html generated and saved at DRUK.html. *create_pdf
2024-04-01 04:02:33,364 - INFO - Sukces. *Worker.__del__
2024-04-01 04:02:33,400 - INFO - Sukces. *Worker.__del__
2024-04-01 04:02:55,997 - INFO - Це повідомлення у рівні INFO  Ó ą ę ć
2024-04-01 04:02:55,998 - WARNING - Це повідомлення у рівні WARNING
2024-04-01 04:02:55,998 - ERROR - i
2024-04-01 04:02:56,118 - INFO - Sukces. *Worker.getStates
2024-04-01 04:02:56,124 - INFO - Sukces. *Worker.getCases
2024-04-01 04:02:56,129 - INFO - Sukces. *Worker.getCases
2024-04-01 04:02:58,080 - INFO - Sukces. *Worker.getCategories
2024-04-01 04:02:58,083 - INFO - Sukces. *Worker.getCategories
2024-04-01 04:02:58,086 - INFO - html generated and saved at DRUK.html. *create_pdf
2024-04-01 04:02:58,087 - INFO - html generated and saved at DRUK.html. *create_pdf
2024-04-01 04:03:04,890 - INFO - Sukces. *Worker.__del__
2024-04-01 04:03:04,924 - INFO - Sukces. *Worker.__del__
2024-04-01 04:03:41,679 - INFO - Це повідомлення у рівні INFO  Ó ą ę ć
2024-04-01 04:03:41,679 - WARNING - Це повідомлення у рівні WARNING
2024-04-01 04:03:41,679 - ERROR - i
2024-04-01 04:03:41,801 - INFO - Sukces. *Worker.getStates
2024-04-01 04:03:41,808 - INFO - Sukces. *Worker.getCases
2024-04-01 04:03:41,811 - INFO - Sukces. *Worker.getCases
2024-04-01 04:03:43,228 - INFO - Sukces. *Worker.getCategories
2024-04-01 04:03:43,231 - INFO - Sukces. *Worker.getCategories
2024-04-01 04:03:43,234 - INFO - html generated and saved at DRUK.html. *create_pdf
2024-04-01 04:03:43,234 - INFO - html generated and saved at SEND.html. *create_pdf
2024-04-01 04:03:53,621 - INFO - Sukces. *Worker.getCategories
2024-04-01 04:03:59,313 - INFO - Sukces. *Worker.getCategoryIdByName
2024-04-01 04:03:59,317 - INFO - Danie stworzono. *Case.create_case
2024-04-01 04:03:59,319 - INFO - Sukces. *Worker.getCases
2024-04-01 04:03:59,320 - INFO - Sukces. *Worker.getCases
2024-04-01 04:03:59,357 - INFO - Sukces. *Worker.__del__
2024-04-01 04:04:06,250 - INFO - Danie zostało zaktualizowane. *Case.update_case
2024-04-01 04:04:06,251 - INFO - Sukces. *Worker.getCases
2024-04-01 04:04:07,182 - INFO - Danie z ID 10 zostało usunięte. *Case.delete_danie
2024-04-01 04:04:07,183 - INFO - Sukces. *Worker.getCases
2024-04-01 04:04:08,510 - INFO - Sukces. *Worker.__del__
2024-04-01 04:04:55,401 - INFO - Це повідомлення у рівні INFO  Ó ą ę ć
2024-04-01 04:04:55,401 - WARNING - Це повідомлення у рівні WARNING
2024-04-01 04:04:55,401 - ERROR - i
2024-04-01 04:04:55,521 - INFO - Sukces. *Worker.getStates
2024-04-01 04:04:55,526 - INFO - Sukces. *Worker.getCases
2024-04-01 04:04:55,529 - INFO - Sukces. *Worker.getCases
2024-04-01 04:04:57,551 - INFO - Sukces. *Worker.__del__
